<?xml version="1.0" encoding="UTF-8"?>
<!-- Generated by org.testng.reporters.JUnitReportReporter -->
<testsuite hostname="Rupeshkumard" name="demo.Demo1" tests="1" failures="0" timestamp="26 Apr 2019 05:37:53 GMT" time="24.737" errors="0">
  <testcase name="m1" time="24.737" classname="demo.Demo1"/>
</testsuite> <!-- demo.Demo1 -->
