<?xml version="1.0" encoding="UTF-8"?>
<!-- Generated by org.testng.reporters.JUnitReportReporter -->
<testsuite hostname="Rupeshkumard" name="demo.Demo1" tests="1" failures="0" timestamp="25 Apr 2019 10:55:06 GMT" time="20.349" errors="0">
  <testcase name="m1" time="20.349" classname="demo.Demo1"/>
</testsuite> <!-- demo.Demo1 -->
